{"level":"INFO","timestamp":"2025-06-13T12:26:34.941Z","message":"Incoming Request","method":"POST","path":"/api/v1/applications-groups/","status":401,"latency":"4.067476ms"}
{"level":"INFO","timestamp":"2025-06-13T12:27:23.122Z","message":"Incoming Request","method":"POST","path":"/api/v1/applications-groups/","status":401,"latency":"12.753877ms"}
{"level":"ERROR","timestamp":"2025-06-13T12:28:41.456Z","message":"Error on storing application group","error":"ERROR: invalid input syntax for type bigint: \"59b1b230-0cd0-4316-9ecb-0c57c5ce2b42\" (SQLSTATE 22P02)"}
{"level":"INFO","timestamp":"2025-06-13T12:28:41.456Z","message":"Incoming Request","method":"POST","path":"/api/v1/applications-groups/","status":500,"latency":"15.490316ms"}
{"level":"INFO","timestamp":"2025-06-13T12:36:50.586Z","message":"Incoming Request","method":"POST","path":"/api/v1/applications-groups/","status":401,"latency":"3.893932ms"}
{"level":"INFO","timestamp":"2025-06-13T12:37:27.353Z","message":"Incoming Request","method":"POST","path":"/api/v1/applications-groups/","status":201,"latency":"24.045728ms"}
{"level":"INFO","timestamp":"2025-06-13T12:37:36.088Z","message":"Incoming Request","method":"POST","path":"/api/v1/applications-groups/","status":201,"latency":"33.813618ms"}
{"level":"INFO","timestamp":"2025-06-13T12:37:40.910Z","message":"Incoming Request","method":"POST","path":"/api/v1/applications-groups/","status":201,"latency":"22.946418ms"}
{"level":"INFO","timestamp":"2025-06-13T12:37:55.321Z","message":"Incoming Request","method":"GET","path":"/api/v1/applications-groups/","status":200,"latency":"19.32291ms"}
{"level":"INFO","timestamp":"2025-06-13T12:39:14.986Z","message":"Incoming Request","method":"GET","path":"/api/v1/applications-groups/","status":200,"latency":"18.779594ms"}
{"level":"INFO","timestamp":"2025-06-13T12:39:26.978Z","message":"Incoming Request","method":"GET","path":"/api/v1/applications-groups/","status":200,"latency":"14.111368ms"}
{"level":"INFO","timestamp":"2025-06-13T12:40:05.168Z","message":"Incoming Request","method":"GET","path":"/api/v1/applications-groups/","status":200,"latency":"22.026441ms"}
{"level":"INFO","timestamp":"2025-06-13T12:41:12.288Z","message":"Incoming Request","method":"GET","path":"/api/v1/applications-groups/","status":200,"latency":"19.923588ms"}
{"level":"INFO","timestamp":"2025-06-13T12:41:14.197Z","message":"Incoming Request","method":"GET","path":"/api/v1/applications-groups/","status":200,"latency":"15.031466ms"}
{"level":"INFO","timestamp":"2025-06-13T12:41:15.238Z","message":"Incoming Request","method":"GET","path":"/api/v1/applications-groups/","status":200,"latency":"11.597216ms"}
{"level":"INFO","timestamp":"2025-06-13T12:41:42.297Z","message":"Incoming Request","method":"GET","path":"/api/v1/applications-groups/","status":200,"latency":"11.083269ms"}
{"level":"INFO","timestamp":"2025-06-13T12:42:28.518Z","message":"Incoming Request","method":"GET","path":"/api/v1/applications-groups/","status":401,"latency":"7.296565ms"}
{"level":"INFO","timestamp":"2025-06-13T12:42:41.927Z","message":"Incoming Request","method":"GET","path":"/api/v1/applications-groups/","status":200,"latency":"13.828935ms"}
{"level":"INFO","timestamp":"2025-06-13T12:43:05.409Z","message":"Incoming Request","method":"GET","path":"/api/v1/applications-groups/","status":200,"latency":"14.440135ms"}
{"level":"INFO","timestamp":"2025-06-13T12:43:53.255Z","message":"Incoming Request","method":"GET","path":"/api/v1/applications-groups/","status":200,"latency":"14.032633ms"}
{"level":"INFO","timestamp":"2025-06-13T12:44:53.158Z","message":"Incoming Request","method":"GET","path":"/api/v1/applications-groups/","status":200,"latency":"12.124456ms"}
{"level":"INFO","timestamp":"2025-06-13T12:45:42.078Z","message":"Incoming Request","method":"GET","path":"/api/v1/application-groups","status":404,"latency":"973ns"}
{"level":"INFO","timestamp":"2025-06-13T12:45:57.076Z","message":"Incoming Request","method":"GET","path":"/api/v1/application-groups","status":404,"latency":"1.231µs"}
{"level":"INFO","timestamp":"2025-06-13T12:46:02.812Z","message":"Incoming Request","method":"GET","path":"/api/v1/application-groups/","status":404,"latency":"870ns"}
{"level":"INFO","timestamp":"2025-06-13T12:46:36.752Z","message":"Incoming Request","method":"GET","path":"/api/v1/application-groups","status":404,"latency":"655ns"}
{"level":"INFO","timestamp":"2025-06-13T12:46:51.230Z","message":"Incoming Request","method":"GET","path":"/api/v1/application-groups","status":404,"latency":"1.226µs"}
{"level":"INFO","timestamp":"2025-06-13T12:47:01.600Z","message":"Incoming Request","method":"GET","path":"/api/v1/applications-groups/","status":400,"latency":"37.921µs"}
{"level":"INFO","timestamp":"2025-06-13T12:47:22.565Z","message":"Incoming Request","method":"GET","path":"/api/v1/applications-groups/","status":400,"latency":"29.22µs"}
{"level":"INFO","timestamp":"2025-06-13T12:47:34.951Z","message":"Incoming Request","method":"GET","path":"/api/v1/applications-groups/","status":400,"latency":"29.059µs"}
{"level":"INFO","timestamp":"2025-06-13T12:48:59.609Z","message":"Incoming Request","method":"GET","path":"/api/v1/application-groups","status":404,"latency":"613ns"}
{"level":"INFO","timestamp":"2025-06-13T13:09:02.687Z","message":"Incoming Request","method":"GET","path":"/api/v1/applications-groups/","status":200,"latency":"21.582703ms"}
